<?xml version="1.0" encoding="UTF-8"?>
<testng-results ignored="0" total="1" passed="1" failed="0" skipped="0">
  <reporter-output>
  </reporter-output>
  <suite started-at="2024-10-21T17:06:54 IST" name="Default suite" finished-at="2024-10-21T17:06:59 IST" duration-ms="5194">
    <groups>
    </groups>
    <test started-at="2024-10-21T17:06:54 IST" name="Default test" finished-at="2024-10-21T17:06:59 IST" duration-ms="5194">
      <class name="AutomationAssignment.AutomationAssignment.DeviceAPITEST">
        <test-method signature="addNewDeviceTest()[pri:0, instance:AutomationAssignment.AutomationAssignment.DeviceAPITEST@537f60bf]" started-at="2024-10-21T17:06:54 IST" name="addNewDeviceTest" finished-at="2024-10-21T17:06:59 IST" duration-ms="5090" status="PASS">
          <reporter-output>
          </reporter-output>
        </test-method> <!-- addNewDeviceTest -->
      </class> <!-- AutomationAssignment.AutomationAssignment.DeviceAPITEST -->
    </test> <!-- Default test -->
  </suite> <!-- Default suite -->
</testng-results>
